{
  "numFailedTestSuites": 1,
  "numFailedTests": 1,
  "numPassedTestSuites": 1,
  "numPassedTests": 3,
  "numPendingTestSuites": 0,
  "numPendingTests": 0,
  "numRuntimeErrorTestSuites": 0,
  "numTodoTests": 1,
  "numTotalTestSuites": 2,
  "numTotalTests": 5,
  "openHandles": [],
  "snapshot": {
    "added": 0,
    "didUpdate": false,
    "failure": false,
    "filesAdded": 0,
    "filesRemoved": 0,
    "filesRemovedList": [],
    "filesUnmatched": 0,
    "filesUpdated": 0,
    "matched": 3,
    "total": 3,
    "unchecked": 0,
    "uncheckedKeysByFile": [],
    "unmatched": 0,
    "updated": 0
  },
  "startTime": 1764894143160,
  "success": false,
  "testResults": [
    {
      "assertionResults": [
        {
          "ancestorTitles": ["Calculator", "add"],
          "duration": 2,
          "failureDetails": [],
          "failureMessages": [],
          "fullName": "Calculator add should add two positive numbers",
          "invocations": 1,
          "location": { "line": 5, "column": 3 },
          "numPassingAsserts": 1,
          "retryReasons": [],
          "status": "passed",
          "title": "should add two positive numbers"
        },
        {
          "ancestorTitles": ["Calculator", "add"],
          "duration": 1,
          "failureDetails": [],
          "failureMessages": [],
          "fullName": "Calculator add should handle negatives",
          "invocations": 1,
          "location": { "line": 10, "column": 3 },
          "numPassingAsserts": 1,
          "retryReasons": [],
          "status": "passed",
          "title": "should handle negatives"
        },
        {
          "ancestorTitles": ["Calculator", "add"],
          "duration": 0,
          "failureDetails": [],
          "failureMessages": [],
          "fullName": "Calculator add todo feature",
          "invocations": 1,
          "location": null,
          "numPassingAsserts": 0,
          "retryReasons": [],
          "status": "todo",
          "title": "todo feature"
        }
      ],
      "endTime": 1764894145233,
      "message": "",
      "name": "/home/runner/work/project/tests/calculator.test.ts",
      "startTime": 1764894143429,
      "status": "passed",
      "summary": ""
    },
    {
      "assertionResults": [
        {
          "ancestorTitles": ["Auth"],
          "duration": 15,
          "failureDetails": [{}],
          "failureMessages": ["Expected 200 but got 401", "at Object.<anonymous> (tests/auth.test.ts:12:5)"],
          "fullName": "Auth should authenticate user",
          "invocations": 1,
          "location": { "line": 8, "column": 3 },
          "numPassingAsserts": 0,
          "retryReasons": [],
          "status": "failed",
          "title": "should authenticate user"
        },
        {
          "ancestorTitles": ["Auth"],
          "duration": 3,
          "failureDetails": [],
          "failureMessages": [],
          "fullName": "Auth should handle logout",
          "invocations": 1,
          "location": { "line": 20, "column": 3 },
          "numPassingAsserts": 1,
          "retryReasons": [],
          "status": "passed",
          "title": "should handle logout"
        }
      ],
      "endTime": 1764894145500,
      "message": "",
      "name": "/home/runner/work/project/__tests__/auth.test.ts",
      "startTime": 1764894145000,
      "status": "failed",
      "summary": ""
    }
  ],
  "wasInterrupted": false
}
