<?xml version="1.0" encoding="utf-8"?>
<TestRun id="f416979a-31af-42ee-ac6f-26f2b5a62ef5" name="@082a5a02bf07 2025-12-16 16:41:50" xmlns="http://microsoft.com/schemas/VisualStudio/TeamTest/2010">
  <Times creation="2025-12-16T16:41:50.2137906+00:00" queuing="2025-12-16T16:41:50.2137906+00:00" start="2025-12-16T16:41:49.9839831+00:00" finish="2025-12-16T16:41:50.2242263+00:00" />
  <TestSettings name="default" id="9642f6db-0dd5-4ef6-babe-be68bc95914e">
    <Deployment runDeploymentRoot="_082a5a02bf07_2025-12-16_16_41_50" />
  </TestSettings>
  <Results>
    <UnitTestResult executionId="abd7c1de-c7ec-436c-b630-88fb9e650038" testId="ae30e256-0fdb-aa24-113e-a8e6579af41d" testName="Calculator.XUnit.Tests.CalculatorTests.Divide_ByZero_ThrowsDivideByZeroException" computerName="082a5a02bf07" duration="00:00:00.0000529" startTime="2025-12-16T16:41:50.2020288+00:00" endTime="2025-12-16T16:41:50.2020288+00:00" testType="13cdc9d9-ddb5-4fa4-a97d-d965ccfc6d4b" outcome="Passed" testListId="8c84fa94-04c1-424b-9868-57a2d4851a1d" relativeResultsDirectory="abd7c1de-c7ec-436c-b630-88fb9e650038" />
    <UnitTestResult executionId="645923fa-c710-4b18-896e-17efb5cec8a5" testId="e31c070a-8151-f7c2-6f52-3c4d888bef93" testName="Calculator.XUnit.Tests.StringUtilsTests.IsPalindrome_Palindrome_ReturnsTrue" computerName="082a5a02bf07" duration="00:00:00.0001286" startTime="2025-12-16T16:41:50.1847858+00:00" endTime="2025-12-16T16:41:50.1847858+00:00" testType="13cdc9d9-ddb5-4fa4-a97d-d965ccfc6d4b" outcome="Passed" testListId="8c84fa94-04c1-424b-9868-57a2d4851a1d" relativeResultsDirectory="645923fa-c710-4b18-896e-17efb5cec8a5" />
    <UnitTestResult executionId="cf1df6fc-0427-4080-9524-814150b3cb3f" testId="2ffe2069-8ca6-68b8-24b6-3e221204b565" testName="Calculator.XUnit.Tests.CalculatorTests.Add_NegativeNumbers_ReturnsCorrectSum" computerName="082a5a02bf07" duration="00:00:00.0000237" startTime="2025-12-16T16:41:50.2023542+00:00" endTime="2025-12-16T16:41:50.2023542+00:00" testType="13cdc9d9-ddb5-4fa4-a97d-d965ccfc6d4b" outcome="Passed" testListId="8c84fa94-04c1-424b-9868-57a2d4851a1d" relativeResultsDirectory="cf1df6fc-0427-4080-9524-814150b3cb3f" />
    <UnitTestResult executionId="69975549-0f98-487b-b5dd-3afb9c05789f" testId="38de3160-3226-b867-d2b3-c8718cc3c7b5" testName="Calculator.XUnit.Tests.CalculatorTests.Divide_TwoNumbers_ReturnsQuotient" computerName="082a5a02bf07" duration="00:00:00.0000612" startTime="2025-12-16T16:41:50.2019595+00:00" endTime="2025-12-16T16:41:50.2019596+00:00" testType="13cdc9d9-ddb5-4fa4-a97d-d965ccfc6d4b" outcome="Passed" testListId="8c84fa94-04c1-424b-9868-57a2d4851a1d" relativeResultsDirectory="69975549-0f98-487b-b5dd-3afb9c05789f" />
    <UnitTestResult executionId="b9f018fb-9495-4362-9ca9-af888d661ca2" testId="0107ad91-8d2e-b152-aac1-0acba3b0e458" testName="Calculator.XUnit.Tests.CalculatorTests.Add_MultipleInputs_ReturnsExpectedSum(a: -1, b: -1, expected: -2)" computerName="082a5a02bf07" duration="00:00:00.0000608" startTime="2025-12-16T16:41:50.1846438+00:00" endTime="2025-12-16T16:41:50.1846438+00:00" testType="13cdc9d9-ddb5-4fa4-a97d-d965ccfc6d4b" outcome="Passed" testListId="8c84fa94-04c1-424b-9868-57a2d4851a1d" relativeResultsDirectory="b9f018fb-9495-4362-9ca9-af888d661ca2" />
    <UnitTestResult executionId="afae8979-b41e-4619-9402-02c0260fb5fc" testId="5a294e28-714e-be10-731c-8a70b3d3c951" testName="Calculator.XUnit.Tests.CalculatorTests.Multiply_TwoNumbers_ReturnsProduct" computerName="082a5a02bf07" duration="00:00:00.0000254" startTime="2025-12-16T16:41:50.2023700+00:00" endTime="2025-12-16T16:41:50.2023701+00:00" testType="13cdc9d9-ddb5-4fa4-a97d-d965ccfc6d4b" outcome="Passed" testListId="8c84fa94-04c1-424b-9868-57a2d4851a1d" relativeResultsDirectory="afae8979-b41e-4619-9402-02c0260fb5fc" />
    <UnitTestResult executionId="01564602-69e2-4fd3-ad9c-e28b3dbe98dd" testId="61fbe716-0657-35d3-a9c4-8b926fcbf82a" testName="Calculator.XUnit.Tests.StringUtilsTests.Reverse_ValidString_ReturnsReversed" computerName="082a5a02bf07" duration="00:00:00.0011022" startTime="2025-12-16T16:41:50.1822846+00:00" endTime="2025-12-16T16:41:50.1822911+00:00" testType="13cdc9d9-ddb5-4fa4-a97d-d965ccfc6d4b" outcome="Passed" testListId="8c84fa94-04c1-424b-9868-57a2d4851a1d" relativeResultsDirectory="01564602-69e2-4fd3-ad9c-e28b3dbe98dd" />
    <UnitTestResult executionId="2c66a6cf-42eb-4cac-a873-cb29e4492a7c" testId="50805a48-79aa-1ea6-0337-cf73a25da2ae" testName="Calculator.XUnit.Tests.StringUtilsTests.Reverse_NullInput_ThrowsArgumentNullException" computerName="082a5a02bf07" duration="00:00:00.0002474" startTime="2025-12-16T16:41:50.1847702+00:00" endTime="2025-12-16T16:41:50.1847702+00:00" testType="13cdc9d9-ddb5-4fa4-a97d-d965ccfc6d4b" outcome="Passed" testListId="8c84fa94-04c1-424b-9868-57a2d4851a1d" relativeResultsDirectory="2c66a6cf-42eb-4cac-a873-cb29e4492a7c" />
    <UnitTestResult executionId="ad059bb1-ce98-4c8c-93d1-c1a8ced14330" testId="c8fd4ae0-7bcf-3676-eb4d-d27062031a6e" testName="Calculator.XUnit.Tests.CalculatorTests.SkippedTest_DemonstratesSkip" computerName="082a5a02bf07" duration="00:00:00.0010000" startTime="2025-12-16T16:41:50.2023209+00:00" endTime="2025-12-16T16:41:50.2023209+00:00" testType="13cdc9d9-ddb5-4fa4-a97d-d965ccfc6d4b" outcome="NotExecuted" testListId="8c84fa94-04c1-424b-9868-57a2d4851a1d" relativeResultsDirectory="ad059bb1-ce98-4c8c-93d1-c1a8ced14330">
      <Output>
        <ErrorInfo>
          <Message>Skipped for demonstration - feature not yet implemented</Message>
        </ErrorInfo>
      </Output>
    </UnitTestResult>
    <UnitTestResult executionId="6bc743c0-dfef-4682-bd8c-1241c5afa0e8" testId="83eb6ef3-7bae-8e26-1bf2-714592a88cc0" testName="Calculator.XUnit.Tests.CalculatorTests.Add_TwoPositiveNumbers_ReturnsSum" computerName="082a5a02bf07" duration="00:00:00.0000189" startTime="2025-12-16T16:41:50.2020121+00:00" endTime="2025-12-16T16:41:50.2020121+00:00" testType="13cdc9d9-ddb5-4fa4-a97d-d965ccfc6d4b" outcome="Passed" testListId="8c84fa94-04c1-424b-9868-57a2d4851a1d" relativeResultsDirectory="6bc743c0-dfef-4682-bd8c-1241c5afa0e8" />
    <UnitTestResult executionId="75e0bc53-367b-43ad-872c-1058541c50e2" testId="7e2c7118-84e6-e13e-198f-85566c55310e" testName="Calculator.XUnit.Tests.CalculatorTests.FailingTest_DemonstratesFailure" computerName="082a5a02bf07" duration="00:00:00.0016393" startTime="2025-12-16T16:41:50.1893176+00:00" endTime="2025-12-16T16:41:50.1893177+00:00" testType="13cdc9d9-ddb5-4fa4-a97d-d965ccfc6d4b" outcome="Failed" testListId="8c84fa94-04c1-424b-9868-57a2d4851a1d" relativeResultsDirectory="75e0bc53-367b-43ad-872c-1058541c50e2">
      <Output>
        <ErrorInfo>
          <Message>Assert.Equal() Failure: Values differ
Expected: 100
Actual:   2</Message>
          <StackTrace>   at Calculator.XUnit.Tests.CalculatorTests.FailingTest_DemonstratesFailure() in /app/tests/Calculator.XUnit.Tests/CalculatorTests.cs:line 51
   at System.RuntimeMethodHandle.InvokeMethod(Object target, Void** arguments, Signature sig, Boolean isConstructor)
   at System.Reflection.MethodBaseInvoker.InvokeWithNoArgs(Object obj, BindingFlags invokeAttr)</StackTrace>
        </ErrorInfo>
      </Output>
    </UnitTestResult>
    <UnitTestResult executionId="0a7b91da-b872-4ee9-81f1-52705785a2e7" testId="40975992-ebe8-eafe-4a79-1e769402643b" testName="Calculator.XUnit.Tests.CalculatorTests.Add_MultipleInputs_ReturnsExpectedSum(a: 1, b: 2, expected: 3)" computerName="082a5a02bf07" duration="00:00:00.0001053" startTime="2025-12-16T16:41:50.1847356+00:00" endTime="2025-12-16T16:41:50.1847356+00:00" testType="13cdc9d9-ddb5-4fa4-a97d-d965ccfc6d4b" outcome="Passed" testListId="8c84fa94-04c1-424b-9868-57a2d4851a1d" relativeResultsDirectory="0a7b91da-b872-4ee9-81f1-52705785a2e7" />
    <UnitTestResult executionId="2cf06f1f-cf81-4980-ad29-ae2d96653714" testId="eca04234-cec2-58f0-7e76-d59ec8f19862" testName="Calculator.XUnit.Tests.CalculatorTests.Add_MultipleInputs_ReturnsExpectedSum(a: 0, b: 0, expected: 0)" computerName="082a5a02bf07" duration="00:00:00.0000020" startTime="2025-12-16T16:41:50.1847494+00:00" endTime="2025-12-16T16:41:50.1847495+00:00" testType="13cdc9d9-ddb5-4fa4-a97d-d965ccfc6d4b" outcome="Passed" testListId="8c84fa94-04c1-424b-9868-57a2d4851a1d" relativeResultsDirectory="2cf06f1f-cf81-4980-ad29-ae2d96653714" />
    <UnitTestResult executionId="9b42c8d6-106f-44d7-946a-b1eff84688c1" testId="1afee53b-93f7-e8d4-f287-76b4733b0028" testName="Calculator.XUnit.Tests.StringUtilsTests.IsPalindrome_NonPalindrome_ReturnsFalse" computerName="082a5a02bf07" duration="00:00:00.0000479" startTime="2025-12-16T16:41:50.1848008+00:00" endTime="2025-12-16T16:41:50.1848008+00:00" testType="13cdc9d9-ddb5-4fa4-a97d-d965ccfc6d4b" outcome="Passed" testListId="8c84fa94-04c1-424b-9868-57a2d4851a1d" relativeResultsDirectory="9b42c8d6-106f-44d7-946a-b1eff84688c1" />
    <UnitTestResult executionId="9ce9dd21-d43d-4101-8eb9-1ce5015a067b" testId="c9822715-ead2-04a6-867f-6ba356acb350" testName="Calculator.XUnit.Tests.CalculatorTests.Subtract_TwoNumbers_ReturnsDifference" computerName="082a5a02bf07" duration="00:00:00.0036232" startTime="2025-12-16T16:41:50.1842223+00:00" endTime="2025-12-16T16:41:50.1842223+00:00" testType="13cdc9d9-ddb5-4fa4-a97d-d965ccfc6d4b" outcome="Passed" testListId="8c84fa94-04c1-424b-9868-57a2d4851a1d" relativeResultsDirectory="9ce9dd21-d43d-4101-8eb9-1ce5015a067b" />
  </Results>
  <TestDefinitions>
    <UnitTest name="Calculator.XUnit.Tests.CalculatorTests.Divide_ByZero_ThrowsDivideByZeroException" storage="/app/tests/calculator.xunit.tests/bin/debug/net8.0/calculator.xunit.tests.dll" id="ae30e256-0fdb-aa24-113e-a8e6579af41d">
      <Execution id="abd7c1de-c7ec-436c-b630-88fb9e650038" />
      <TestMethod codeBase="/app/tests/Calculator.XUnit.Tests/bin/Debug/net8.0/Calculator.XUnit.Tests.dll" adapterTypeName="executor://xunit/VsTestRunner2/netcoreapp" className="Calculator.XUnit.Tests.CalculatorTests" name="Divide_ByZero_ThrowsDivideByZeroException" />
    </UnitTest>
    <UnitTest name="Calculator.XUnit.Tests.CalculatorTests.SkippedTest_DemonstratesSkip" storage="/app/tests/calculator.xunit.tests/bin/debug/net8.0/calculator.xunit.tests.dll" id="c8fd4ae0-7bcf-3676-eb4d-d27062031a6e">
      <Execution id="ad059bb1-ce98-4c8c-93d1-c1a8ced14330" />
      <TestMethod codeBase="/app/tests/Calculator.XUnit.Tests/bin/Debug/net8.0/Calculator.XUnit.Tests.dll" adapterTypeName="executor://xunit/VsTestRunner2/netcoreapp" className="Calculator.XUnit.Tests.CalculatorTests" name="SkippedTest_DemonstratesSkip" />
    </UnitTest>
    <UnitTest name="Calculator.XUnit.Tests.CalculatorTests.FailingTest_DemonstratesFailure" storage="/app/tests/calculator.xunit.tests/bin/debug/net8.0/calculator.xunit.tests.dll" id="7e2c7118-84e6-e13e-198f-85566c55310e">
      <Execution id="75e0bc53-367b-43ad-872c-1058541c50e2" />
      <TestMethod codeBase="/app/tests/Calculator.XUnit.Tests/bin/Debug/net8.0/Calculator.XUnit.Tests.dll" adapterTypeName="executor://xunit/VsTestRunner2/netcoreapp" className="Calculator.XUnit.Tests.CalculatorTests" name="FailingTest_DemonstratesFailure" />
    </UnitTest>
    <UnitTest name="Calculator.XUnit.Tests.StringUtilsTests.IsPalindrome_Palindrome_ReturnsTrue" storage="/app/tests/calculator.xunit.tests/bin/debug/net8.0/calculator.xunit.tests.dll" id="e31c070a-8151-f7c2-6f52-3c4d888bef93">
      <Execution id="645923fa-c710-4b18-896e-17efb5cec8a5" />
      <TestMethod codeBase="/app/tests/Calculator.XUnit.Tests/bin/Debug/net8.0/Calculator.XUnit.Tests.dll" adapterTypeName="executor://xunit/VsTestRunner2/netcoreapp" className="Calculator.XUnit.Tests.StringUtilsTests" name="IsPalindrome_Palindrome_ReturnsTrue" />
    </UnitTest>
    <UnitTest name="Calculator.XUnit.Tests.CalculatorTests.Add_NegativeNumbers_ReturnsCorrectSum" storage="/app/tests/calculator.xunit.tests/bin/debug/net8.0/calculator.xunit.tests.dll" id="2ffe2069-8ca6-68b8-24b6-3e221204b565">
      <Execution id="cf1df6fc-0427-4080-9524-814150b3cb3f" />
      <TestMethod codeBase="/app/tests/Calculator.XUnit.Tests/bin/Debug/net8.0/Calculator.XUnit.Tests.dll" adapterTypeName="executor://xunit/VsTestRunner2/netcoreapp" className="Calculator.XUnit.Tests.CalculatorTests" name="Add_NegativeNumbers_ReturnsCorrectSum" />
    </UnitTest>
    <UnitTest name="Calculator.XUnit.Tests.CalculatorTests.Add_MultipleInputs_ReturnsExpectedSum(a: 1, b: 2, expected: 3)" storage="/app/tests/calculator.xunit.tests/bin/debug/net8.0/calculator.xunit.tests.dll" id="40975992-ebe8-eafe-4a79-1e769402643b">
      <Execution id="0a7b91da-b872-4ee9-81f1-52705785a2e7" />
      <TestMethod codeBase="/app/tests/Calculator.XUnit.Tests/bin/Debug/net8.0/Calculator.XUnit.Tests.dll" adapterTypeName="executor://xunit/VsTestRunner2/netcoreapp" className="Calculator.XUnit.Tests.CalculatorTests" name="Add_MultipleInputs_ReturnsExpectedSum" />
    </UnitTest>
    <UnitTest name="Calculator.XUnit.Tests.CalculatorTests.Subtract_TwoNumbers_ReturnsDifference" storage="/app/tests/calculator.xunit.tests/bin/debug/net8.0/calculator.xunit.tests.dll" id="c9822715-ead2-04a6-867f-6ba356acb350">
      <Execution id="9ce9dd21-d43d-4101-8eb9-1ce5015a067b" />
      <TestMethod codeBase="/app/tests/Calculator.XUnit.Tests/bin/Debug/net8.0/Calculator.XUnit.Tests.dll" adapterTypeName="executor://xunit/VsTestRunner2/netcoreapp" className="Calculator.XUnit.Tests.CalculatorTests" name="Subtract_TwoNumbers_ReturnsDifference" />
    </UnitTest>
    <UnitTest name="Calculator.XUnit.Tests.StringUtilsTests.Reverse_ValidString_ReturnsReversed" storage="/app/tests/calculator.xunit.tests/bin/debug/net8.0/calculator.xunit.tests.dll" id="61fbe716-0657-35d3-a9c4-8b926fcbf82a">
      <Execution id="01564602-69e2-4fd3-ad9c-e28b3dbe98dd" />
      <TestMethod codeBase="/app/tests/Calculator.XUnit.Tests/bin/Debug/net8.0/Calculator.XUnit.Tests.dll" adapterTypeName="executor://xunit/VsTestRunner2/netcoreapp" className="Calculator.XUnit.Tests.StringUtilsTests" name="Reverse_ValidString_ReturnsReversed" />
    </UnitTest>
    <UnitTest name="Calculator.XUnit.Tests.CalculatorTests.Add_MultipleInputs_ReturnsExpectedSum(a: -1, b: -1, expected: -2)" storage="/app/tests/calculator.xunit.tests/bin/debug/net8.0/calculator.xunit.tests.dll" id="0107ad91-8d2e-b152-aac1-0acba3b0e458">
      <Execution id="b9f018fb-9495-4362-9ca9-af888d661ca2" />
      <TestMethod codeBase="/app/tests/Calculator.XUnit.Tests/bin/Debug/net8.0/Calculator.XUnit.Tests.dll" adapterTypeName="executor://xunit/VsTestRunner2/netcoreapp" className="Calculator.XUnit.Tests.CalculatorTests" name="Add_MultipleInputs_ReturnsExpectedSum" />
    </UnitTest>
    <UnitTest name="Calculator.XUnit.Tests.CalculatorTests.Add_MultipleInputs_ReturnsExpectedSum(a: 0, b: 0, expected: 0)" storage="/app/tests/calculator.xunit.tests/bin/debug/net8.0/calculator.xunit.tests.dll" id="eca04234-cec2-58f0-7e76-d59ec8f19862">
      <Execution id="2cf06f1f-cf81-4980-ad29-ae2d96653714" />
      <TestMethod codeBase="/app/tests/Calculator.XUnit.Tests/bin/Debug/net8.0/Calculator.XUnit.Tests.dll" adapterTypeName="executor://xunit/VsTestRunner2/netcoreapp" className="Calculator.XUnit.Tests.CalculatorTests" name="Add_MultipleInputs_ReturnsExpectedSum" />
    </UnitTest>
    <UnitTest name="Calculator.XUnit.Tests.CalculatorTests.Add_TwoPositiveNumbers_ReturnsSum" storage="/app/tests/calculator.xunit.tests/bin/debug/net8.0/calculator.xunit.tests.dll" id="83eb6ef3-7bae-8e26-1bf2-714592a88cc0">
      <Execution id="6bc743c0-dfef-4682-bd8c-1241c5afa0e8" />
      <TestMethod codeBase="/app/tests/Calculator.XUnit.Tests/bin/Debug/net8.0/Calculator.XUnit.Tests.dll" adapterTypeName="executor://xunit/VsTestRunner2/netcoreapp" className="Calculator.XUnit.Tests.CalculatorTests" name="Add_TwoPositiveNumbers_ReturnsSum" />
    </UnitTest>
    <UnitTest name="Calculator.XUnit.Tests.StringUtilsTests.IsPalindrome_NonPalindrome_ReturnsFalse" storage="/app/tests/calculator.xunit.tests/bin/debug/net8.0/calculator.xunit.tests.dll" id="1afee53b-93f7-e8d4-f287-76b4733b0028">
      <Execution id="9b42c8d6-106f-44d7-946a-b1eff84688c1" />
      <TestMethod codeBase="/app/tests/Calculator.XUnit.Tests/bin/Debug/net8.0/Calculator.XUnit.Tests.dll" adapterTypeName="executor://xunit/VsTestRunner2/netcoreapp" className="Calculator.XUnit.Tests.StringUtilsTests" name="IsPalindrome_NonPalindrome_ReturnsFalse" />
    </UnitTest>
    <UnitTest name="Calculator.XUnit.Tests.StringUtilsTests.Reverse_NullInput_ThrowsArgumentNullException" storage="/app/tests/calculator.xunit.tests/bin/debug/net8.0/calculator.xunit.tests.dll" id="50805a48-79aa-1ea6-0337-cf73a25da2ae">
      <Execution id="2c66a6cf-42eb-4cac-a873-cb29e4492a7c" />
      <TestMethod codeBase="/app/tests/Calculator.XUnit.Tests/bin/Debug/net8.0/Calculator.XUnit.Tests.dll" adapterTypeName="executor://xunit/VsTestRunner2/netcoreapp" className="Calculator.XUnit.Tests.StringUtilsTests" name="Reverse_NullInput_ThrowsArgumentNullException" />
    </UnitTest>
    <UnitTest name="Calculator.XUnit.Tests.CalculatorTests.Multiply_TwoNumbers_ReturnsProduct" storage="/app/tests/calculator.xunit.tests/bin/debug/net8.0/calculator.xunit.tests.dll" id="5a294e28-714e-be10-731c-8a70b3d3c951">
      <Execution id="afae8979-b41e-4619-9402-02c0260fb5fc" />
      <TestMethod codeBase="/app/tests/Calculator.XUnit.Tests/bin/Debug/net8.0/Calculator.XUnit.Tests.dll" adapterTypeName="executor://xunit/VsTestRunner2/netcoreapp" className="Calculator.XUnit.Tests.CalculatorTests" name="Multiply_TwoNumbers_ReturnsProduct" />
    </UnitTest>
    <UnitTest name="Calculator.XUnit.Tests.CalculatorTests.Divide_TwoNumbers_ReturnsQuotient" storage="/app/tests/calculator.xunit.tests/bin/debug/net8.0/calculator.xunit.tests.dll" id="38de3160-3226-b867-d2b3-c8718cc3c7b5">
      <Execution id="69975549-0f98-487b-b5dd-3afb9c05789f" />
      <TestMethod codeBase="/app/tests/Calculator.XUnit.Tests/bin/Debug/net8.0/Calculator.XUnit.Tests.dll" adapterTypeName="executor://xunit/VsTestRunner2/netcoreapp" className="Calculator.XUnit.Tests.CalculatorTests" name="Divide_TwoNumbers_ReturnsQuotient" />
    </UnitTest>
  </TestDefinitions>
  <TestEntries>
    <TestEntry testId="ae30e256-0fdb-aa24-113e-a8e6579af41d" executionId="abd7c1de-c7ec-436c-b630-88fb9e650038" testListId="8c84fa94-04c1-424b-9868-57a2d4851a1d" />
    <TestEntry testId="e31c070a-8151-f7c2-6f52-3c4d888bef93" executionId="645923fa-c710-4b18-896e-17efb5cec8a5" testListId="8c84fa94-04c1-424b-9868-57a2d4851a1d" />
    <TestEntry testId="2ffe2069-8ca6-68b8-24b6-3e221204b565" executionId="cf1df6fc-0427-4080-9524-814150b3cb3f" testListId="8c84fa94-04c1-424b-9868-57a2d4851a1d" />
    <TestEntry testId="38de3160-3226-b867-d2b3-c8718cc3c7b5" executionId="69975549-0f98-487b-b5dd-3afb9c05789f" testListId="8c84fa94-04c1-424b-9868-57a2d4851a1d" />
    <TestEntry testId="0107ad91-8d2e-b152-aac1-0acba3b0e458" executionId="b9f018fb-9495-4362-9ca9-af888d661ca2" testListId="8c84fa94-04c1-424b-9868-57a2d4851a1d" />
    <TestEntry testId="5a294e28-714e-be10-731c-8a70b3d3c951" executionId="afae8979-b41e-4619-9402-02c0260fb5fc" testListId="8c84fa94-04c1-424b-9868-57a2d4851a1d" />
    <TestEntry testId="61fbe716-0657-35d3-a9c4-8b926fcbf82a" executionId="01564602-69e2-4fd3-ad9c-e28b3dbe98dd" testListId="8c84fa94-04c1-424b-9868-57a2d4851a1d" />
    <TestEntry testId="50805a48-79aa-1ea6-0337-cf73a25da2ae" executionId="2c66a6cf-42eb-4cac-a873-cb29e4492a7c" testListId="8c84fa94-04c1-424b-9868-57a2d4851a1d" />
    <TestEntry testId="c8fd4ae0-7bcf-3676-eb4d-d27062031a6e" executionId="ad059bb1-ce98-4c8c-93d1-c1a8ced14330" testListId="8c84fa94-04c1-424b-9868-57a2d4851a1d" />
    <TestEntry testId="83eb6ef3-7bae-8e26-1bf2-714592a88cc0" executionId="6bc743c0-dfef-4682-bd8c-1241c5afa0e8" testListId="8c84fa94-04c1-424b-9868-57a2d4851a1d" />
    <TestEntry testId="7e2c7118-84e6-e13e-198f-85566c55310e" executionId="75e0bc53-367b-43ad-872c-1058541c50e2" testListId="8c84fa94-04c1-424b-9868-57a2d4851a1d" />
    <TestEntry testId="40975992-ebe8-eafe-4a79-1e769402643b" executionId="0a7b91da-b872-4ee9-81f1-52705785a2e7" testListId="8c84fa94-04c1-424b-9868-57a2d4851a1d" />
    <TestEntry testId="eca04234-cec2-58f0-7e76-d59ec8f19862" executionId="2cf06f1f-cf81-4980-ad29-ae2d96653714" testListId="8c84fa94-04c1-424b-9868-57a2d4851a1d" />
    <TestEntry testId="1afee53b-93f7-e8d4-f287-76b4733b0028" executionId="9b42c8d6-106f-44d7-946a-b1eff84688c1" testListId="8c84fa94-04c1-424b-9868-57a2d4851a1d" />
    <TestEntry testId="c9822715-ead2-04a6-867f-6ba356acb350" executionId="9ce9dd21-d43d-4101-8eb9-1ce5015a067b" testListId="8c84fa94-04c1-424b-9868-57a2d4851a1d" />
  </TestEntries>
  <TestLists>
    <TestList name="Results Not in a List" id="8c84fa94-04c1-424b-9868-57a2d4851a1d" />
    <TestList name="All Loaded Results" id="19431567-8539-422a-85d7-44ee4e166bda" />
  </TestLists>
  <ResultSummary outcome="Failed">
    <Counters total="15" executed="14" passed="13" failed="1" error="0" timeout="0" aborted="0" inconclusive="0" passedButRunAborted="0" notRunnable="0" notExecuted="0" disconnected="0" warning="0" completed="0" inProgress="0" pending="0" />
    <Output>
      <StdOut>[xUnit.net 00:00:00.00] xUnit.net VSTest Adapter v2.8.2+699d445a1a (64-bit .NET 8.0.22)
[xUnit.net 00:00:00.02]   Discovering: Calculator.XUnit.Tests
[xUnit.net 00:00:00.04]   Discovered:  Calculator.XUnit.Tests
[xUnit.net 00:00:00.04]   Starting:    Calculator.XUnit.Tests
[xUnit.net 00:00:00.06]       Assert.Equal() Failure: Values differ
[xUnit.net 00:00:00.06]       Expected: 100
[xUnit.net 00:00:00.06]       Actual:   2
[xUnit.net 00:00:00.06]       Stack Trace:
[xUnit.net 00:00:00.06]         /app/tests/Calculator.XUnit.Tests/CalculatorTests.cs(51,0): at Calculator.XUnit.Tests.CalculatorTests.FailingTest_DemonstratesFailure()
[xUnit.net 00:00:00.06]            at System.RuntimeMethodHandle.InvokeMethod(Object target, Void** arguments, Signature sig, Boolean isConstructor)
[xUnit.net 00:00:00.06]            at System.Reflection.MethodBaseInvoker.InvokeWithNoArgs(Object obj, BindingFlags invokeAttr)
[xUnit.net 00:00:00.08]       Skipped for demonstration - feature not yet implemented
[xUnit.net 00:00:00.08]   Finished:    Calculator.XUnit.Tests
Test 'Calculator.XUnit.Tests.CalculatorTests.SkippedTest_DemonstratesSkip' was skipped in the test run.
</StdOut>
    </Output>
    <RunInfos>
      <RunInfo computerName="082a5a02bf07" outcome="Error" timestamp="2025-12-16T16:41:50.1897233+00:00">
        <Text>[xUnit.net 00:00:00.06]     Calculator.XUnit.Tests.CalculatorTests.FailingTest_DemonstratesFailure [FAIL]</Text>
      </RunInfo>
      <RunInfo computerName="082a5a02bf07" outcome="Warning" timestamp="2025-12-16T16:41:50.2169550+00:00">
        <Text>[xUnit.net 00:00:00.08]     Calculator.XUnit.Tests.CalculatorTests.SkippedTest_DemonstratesSkip [SKIP]</Text>
      </RunInfo>
    </RunInfos>
  </ResultSummary>
</TestRun>